<?xml version="1.0" encoding="UTF-8"?>
<!-- Generated by org.testng.reporters.JUnitReportReporter -->
<testsuite hostname="AMALITECH-PC-10186" failures="0" tests="1" name="ui.LoginTestNG" time="145.108" errors="0" timestamp="2023-06-02T12:24:03 GMT" skipped="0">
  <testcase classname="ui.LoginTestNG" name="login" time="145.108"/>
  <system-out/>
</testsuite> <!-- ui.LoginTestNG -->
