<?xml version="1.0" encoding="UTF-8"?>
<!-- Generated by org.testng.reporters.JUnitReportReporter -->
<testsuite hostname="AMALITECH-PC-10186" failures="0" tests="1" name="ui.softAssert" time="5.773" errors="0" timestamp="2023-06-01T16:15:54 GMT" skipped="0">
  <testcase classname="ui.softAssert" name="assertTest" time="5.773"/>
  <system-out/>
</testsuite> <!-- ui.softAssert -->
