<?xml version="1.0" encoding="UTF-8"?>
<!-- Generated by org.testng.reporters.JUnitReportReporter -->
<testsuite hostname="AMALITECH-PC-10186" failures="0" tests="4" name="ui.DataProviderTest" time="0.010" errors="0" timestamp="2023-06-02T11:58:29 GMT" skipped="0">
  <testcase classname="ui.DataProviderTest" name="login" time="0.007"/>
  <system-out/>
  <testcase classname="ui.DataProviderTest" name="login" time="0.001"/>
  <system-out/>
  <testcase classname="ui.DataProviderTest" name="login1" time="0.001"/>
  <system-out/>
  <testcase classname="ui.DataProviderTest" name="login1" time="0.001"/>
  <system-out/>
</testsuite> <!-- ui.DataProviderTest -->
