<?xml version="1.0" encoding="UTF-8"?>
<!-- Generated by org.testng.reporters.JUnitReportReporter -->
<testsuite hostname="AMALITECH-PC-10186" failures="0" tests="1" name="ui.assertTest" time="4.533" errors="0" timestamp="2023-06-01T12:06:30 GMT" skipped="0">
  <testcase classname="ui.assertTest" name="assertTest" time="4.533"/>
  <system-out/>
</testsuite> <!-- ui.assertTest -->
