<?xml version="1.0" encoding="UTF-8"?>
<!-- Generated by org.testng.reporters.JUnitReportReporter -->
<testsuite hostname="AMALITECH-PC-10186" failures="0" tests="4" name="ui.DataProviderTest1" time="19.586" errors="0" timestamp="2023-06-22T15:34:47 GMT" skipped="0">
  <testcase classname="ui.DataProviderTest1" name="test" time="2.595"/>
  <system-out/>
  <testcase classname="ui.DataProviderTest1" name="test" time="6.595"/>
  <system-out/>
  <testcase classname="ui.DataProviderTest1" name="test" time="7.677"/>
  <system-out/>
  <testcase classname="ui.DataProviderTest1" name="test" time="2.719"/>
  <system-out/>
</testsuite> <!-- ui.DataProviderTest1 -->
