<?xml version="1.0" encoding="UTF-8"?>
<!-- Generated by org.testng.reporters.JUnitReportReporter -->
<testsuite hostname="AMALITECH-PC-10186" failures="0" tests="5" name="ui.Reports" time="0.014" errors="0" timestamp="2023-06-05T16:29:27 GMT" skipped="0">
  <testcase classname="ui.Reports" name="report3" time="0.001"/>
  <system-out/>
  <testcase classname="ui.Reports" name="report4" time="0.001"/>
  <system-out/>
  <testcase classname="ui.Reports" name="report5" time="0.001"/>
  <system-out/>
  <testcase classname="ui.Reports" name="report1" time="0.009"/>
  <system-out/>
  <testcase classname="ui.Reports" name="report2" time="0.002"/>
  <system-out/>
</testsuite> <!-- ui.Reports -->
