<?xml version="1.0" encoding="UTF-8"?>
<!-- Generated by org.testng.reporters.JUnitReportReporter -->
<testsuite hostname="AMALITECH-PC-10186" failures="0" tests="4" name="ui.Groups" time="0.045" errors="0" timestamp="2023-06-05T08:48:59 GMT" skipped="0">
  <testcase classname="ui.Groups" name="bloginTest" time="0.003"/>
  <system-out/>
  <testcase classname="ui.Groups" name="cloginTest" time="0.003"/>
  <system-out/>
  <testcase classname="ui.Groups" name="dloginTest" time="0.004"/>
  <system-out/>
  <testcase classname="ui.Groups" name="aloginTest" time="0.035"/>
  <system-out/>
</testsuite> <!-- ui.Groups -->
