<?xml version="1.0" encoding="UTF-8"?>
<!-- Generated by org.testng.reporters.JUnitReportReporter -->
<testsuite hostname="AMALITECH-PC-10186" failures="0" tests="2" name="ui.loginTest" time="0.005" errors="0" timestamp="2023-06-01T16:15:54 GMT" skipped="0">
  <testcase classname="ui.loginTest" name="aloginTest" time="0.002"/>
  <system-out/>
  <testcase classname="ui.loginTest" name="bloginTest" time="0.003"/>
  <system-out/>
</testsuite> <!-- ui.loginTest -->
