<?xml version="1.0" encoding="UTF-8"?>
<!-- Generated by org.testng.reporters.JUnitReportReporter -->
<testsuite hostname="AMALITECH-PC-10186" failures="0" tests="3" name="ui.skipTest" time="0.011" errors="0" timestamp="2023-06-01T15:26:51 GMT" skipped="3">
  <testcase classname="ui.skipTest" name="skip2" time="0.009">
    <skipped/>
  </testcase> <!-- skip2 -->
  <system-out/>
  <testcase classname="ui.skipTest" name="skip3" time="0.002">
    <skipped/>
  </testcase> <!-- skip3 -->
  <system-out/>
  <testcase classname="ui.skipTest" name="skip">
    <skipped/>
  </testcase> <!-- skip -->
  <system-out/>
</testsuite> <!-- ui.skipTest -->
